<?xml version="1.0" encoding="UTF-8"?>
<!-- Generated by org.testng.reporters.JUnitXMLReporter -->
<testsuite ignored="0" hostname="DESKTOP-4DGTVLB" failures="0" tests="2" name="Default test" time="1.929" errors="0" timestamp="2022-08-21T14:47:04 IST">
  <testcase classname="tests.EpochValidatorTest" name="verifyEpochConversionWithInvalidInput" time="1.349"/>
  <testcase classname="tests.EpochValidatorTest" name="verifyEpochConversionWithValidInput" time="0.533"/>
</testsuite> <!-- Default test -->
