<?xml version="1.0" encoding="UTF-8"?>
<!-- Generated by org.testng.reporters.JUnitXMLReporter -->
<testsuite ignored="0" hostname="DESKTOP-4DGTVLB" failures="0" tests="3" name="Test" time="4.073" errors="0" timestamp="2022-08-23T20:56:31 IST">
  <testcase classname="tests.EpochValidatorTest" name="verifyEpochConversionWithInvalidInput" time="3.043"/>
  <testcase classname="tests.EpochValidatorTest" name="verifyEpochConversionWithInvalidInputExceedingInt32Range" time="0.51"/>
  <testcase classname="tests.EpochValidatorTest" name="verifyEpochConversionWithValidInput" time="0.451"/>
</testsuite> <!-- Test -->
