<?xml version="1.0" encoding="UTF-8"?>
<testng-results ignored="0" total="3" passed="3" failed="0" skipped="0">
  <reporter-output>
  </reporter-output>
  <suite started-at="2022-08-23T20:56:27 IST" name="Suite" finished-at="2022-08-23T20:56:31 IST" duration-ms="4073">
    <groups>
    </groups>
    <test started-at="2022-08-23T20:56:27 IST" name="Test" finished-at="2022-08-23T20:56:31 IST" duration-ms="4073">
      <class name="tests.EpochValidatorTest">
        <test-method is-config="true" signature="setup()[pri:0, instance:tests.EpochValidatorTest@4de4b452]" started-at="2022-08-23T20:56:27 IST" name="setup" finished-at="2022-08-23T20:56:27 IST" duration-ms="20" status="PASS">
          <reporter-output>
          </reporter-output>
        </test-method> <!-- setup -->
        <test-method is-config="true" signature="setURI()[pri:0, instance:tests.EpochValidatorTest@4de4b452]" started-at="2022-08-23T20:56:27 IST" name="setURI" finished-at="2022-08-23T20:56:27 IST" duration-ms="1" status="PASS">
          <reporter-output>
          </reporter-output>
        </test-method> <!-- setURI -->
        <test-method signature="verifyEpochConversionWithInvalidInput()[pri:0, instance:tests.EpochValidatorTest@4de4b452]" started-at="2022-08-23T20:56:27 IST" name="verifyEpochConversionWithInvalidInput" finished-at="2022-08-23T20:56:30 IST" duration-ms="3043" status="PASS">
          <reporter-output>
          </reporter-output>
        </test-method> <!-- verifyEpochConversionWithInvalidInput -->
        <test-method signature="verifyEpochConversionWithInvalidInputExceedingInt32Range()[pri:0, instance:tests.EpochValidatorTest@4de4b452]" started-at="2022-08-23T20:56:30 IST" name="verifyEpochConversionWithInvalidInputExceedingInt32Range" finished-at="2022-08-23T20:56:30 IST" duration-ms="510" status="PASS">
          <reporter-output>
          </reporter-output>
        </test-method> <!-- verifyEpochConversionWithInvalidInputExceedingInt32Range -->
        <test-method signature="verifyEpochConversionWithValidInput()[pri:0, instance:tests.EpochValidatorTest@4de4b452]" started-at="2022-08-23T20:56:30 IST" name="verifyEpochConversionWithValidInput" finished-at="2022-08-23T20:56:31 IST" duration-ms="451" status="PASS">
          <reporter-output>
          </reporter-output>
        </test-method> <!-- verifyEpochConversionWithValidInput -->
      </class> <!-- tests.EpochValidatorTest -->
    </test> <!-- Test -->
  </suite> <!-- Suite -->
</testng-results>
