<?xml version="1.0" encoding="UTF-8"?>
<testng-results ignored="0" total="1" passed="1" failed="0" skipped="0">
  <reporter-output>
  </reporter-output>
  <suite started-at="2022-08-21T14:40:10 IST" name="Default suite" finished-at="2022-08-21T14:40:12 IST" duration-ms="1455">
    <groups>
    </groups>
    <test started-at="2022-08-21T14:40:10 IST" name="Default test" finished-at="2022-08-21T14:40:12 IST" duration-ms="1455">
      <class name="tests.EpochValidatorTest">
        <test-method is-config="true" signature="setup()[pri:0, instance:tests.EpochValidatorTest@4de4b452]" started-at="2022-08-21T14:40:10 IST" name="setup" finished-at="2022-08-21T14:40:10 IST" duration-ms="10" status="PASS">
          <reporter-output>
          </reporter-output>
        </test-method> <!-- setup -->
        <test-method is-config="true" signature="setURI()[pri:0, instance:tests.EpochValidatorTest@4de4b452]" started-at="2022-08-21T14:40:10 IST" name="setURI" finished-at="2022-08-21T14:40:10 IST" duration-ms="1" status="PASS">
          <reporter-output>
          </reporter-output>
        </test-method> <!-- setURI -->
        <test-method signature="verifyEpochConversionWithValidInput()[pri:0, instance:tests.EpochValidatorTest@4de4b452]" started-at="2022-08-21T14:40:10 IST" name="verifyEpochConversionWithValidInput" finished-at="2022-08-21T14:40:12 IST" duration-ms="1413" status="PASS">
          <reporter-output>
          </reporter-output>
        </test-method> <!-- verifyEpochConversionWithValidInput -->
      </class> <!-- tests.EpochValidatorTest -->
    </test> <!-- Default test -->
  </suite> <!-- Default suite -->
</testng-results>
